CRITICAL - 2020-12-26 11:56:30 --> Undefined offset: 1
#0 D:\development\credere\sonda\app\Controllers\Home.php(138): CodeIgniter\Debug\Exceptions->errorHandler(8, 'Undefined offse...', 'D:\\development\\...', 138, Array)
#1 D:\development\credere\sonda\app\Controllers\Home.php(17): App\Controllers\Home->tabuleiro()
#2 D:\development\credere\sonda\vendor\codeigniter4\framework\system\CodeIgniter.php(918): App\Controllers\Home->index()
#3 D:\development\credere\sonda\vendor\codeigniter4\framework\system\CodeIgniter.php(404): CodeIgniter\CodeIgniter->runController(Object(App\Controllers\Home))
#4 D:\development\credere\sonda\vendor\codeigniter4\framework\system\CodeIgniter.php(312): CodeIgniter\CodeIgniter->handleRequest(NULL, Object(Config\Cache), false)
#5 D:\development\credere\sonda\public\index.php(45): CodeIgniter\CodeIgniter->run()
#6 D:\development\credere\sonda\vendor\codeigniter4\framework\system\Commands\Server\rewrite.php(34): require_once('D:\\development\\...')
#7 {main}
CRITICAL - 2020-12-26 11:59:00 --> Allowed memory size of 134217728 bytes exhausted (tried to allocate 167772160 bytes)
#0 [internal function]: CodeIgniter\Debug\Exceptions->shutdownHandler()
#1 {main}
CRITICAL - 2020-12-26 12:02:05 --> Undefined offset: 4
#0 D:\development\credere\sonda\app\Controllers\Home.php(135): CodeIgniter\Debug\Exceptions->errorHandler(8, 'Undefined offse...', 'D:\\development\\...', 135, Array)
#1 D:\development\credere\sonda\app\Controllers\Home.php(17): App\Controllers\Home->tabuleiro()
#2 D:\development\credere\sonda\vendor\codeigniter4\framework\system\CodeIgniter.php(918): App\Controllers\Home->index()
#3 D:\development\credere\sonda\vendor\codeigniter4\framework\system\CodeIgniter.php(404): CodeIgniter\CodeIgniter->runController(Object(App\Controllers\Home))
#4 D:\development\credere\sonda\vendor\codeigniter4\framework\system\CodeIgniter.php(312): CodeIgniter\CodeIgniter->handleRequest(NULL, Object(Config\Cache), false)
#5 D:\development\credere\sonda\public\index.php(45): CodeIgniter\CodeIgniter->run()
#6 D:\development\credere\sonda\vendor\codeigniter4\framework\system\Commands\Server\rewrite.php(34): require_once('D:\\development\\...')
#7 {main}
CRITICAL - 2020-12-26 12:27:57 --> Undefined offset: -1
#0 D:\development\credere\sonda\app\Controllers\Home.php(79): CodeIgniter\Debug\Exceptions->errorHandler(8, 'Undefined offse...', 'D:\\development\\...', 79, Array)
#1 D:\development\credere\sonda\app\Controllers\Home.php(37): App\Controllers\Home->move()
#2 D:\development\credere\sonda\app\Controllers\Home.php(23): App\Controllers\Home->comando(Array)
#3 D:\development\credere\sonda\vendor\codeigniter4\framework\system\CodeIgniter.php(918): App\Controllers\Home->index()
#4 D:\development\credere\sonda\vendor\codeigniter4\framework\system\CodeIgniter.php(404): CodeIgniter\CodeIgniter->runController(Object(App\Controllers\Home))
#5 D:\development\credere\sonda\vendor\codeigniter4\framework\system\CodeIgniter.php(312): CodeIgniter\CodeIgniter->handleRequest(NULL, Object(Config\Cache), false)
#6 D:\development\credere\sonda\public\index.php(45): CodeIgniter\CodeIgniter->run()
#7 D:\development\credere\sonda\vendor\codeigniter4\framework\system\Commands\Server\rewrite.php(34): require_once('D:\\development\\...')
#8 {main}
CRITICAL - 2020-12-26 12:49:34 --> The behavior of unparenthesized expressions containing both '.' and '+'/'-' will change in PHP 8: '+'/'-' will take a higher precedence
#0 D:\development\credere\sonda\vendor\codeigniter4\framework\system\Autoloader\Autoloader.php(365): CodeIgniter\Debug\Exceptions->errorHandler(8192, 'The behavior of...', 'D:\\development\\...', 80, Array)
#1 D:\development\credere\sonda\vendor\codeigniter4\framework\system\Autoloader\Autoloader.php(365): require_once()
#2 D:\development\credere\sonda\vendor\codeigniter4\framework\system\Autoloader\Autoloader.php(296): CodeIgniter\Autoloader\Autoloader->requireFile('D:\\development\\...')
#3 D:\development\credere\sonda\vendor\codeigniter4\framework\system\Autoloader\Autoloader.php(258): CodeIgniter\Autoloader\Autoloader->loadInNamespace('App\\Controllers...')
#4 [internal function]: CodeIgniter\Autoloader\Autoloader->loadClass('App\\Controllers...')
#5 [internal function]: spl_autoload_call('App\\Controllers...')
#6 D:\development\credere\sonda\vendor\codeigniter4\framework\system\CodeIgniter.php(869): class_exists('\\App\\Controller...', true)
#7 D:\development\credere\sonda\vendor\codeigniter4\framework\system\CodeIgniter.php(394): CodeIgniter\CodeIgniter->startController()
#8 D:\development\credere\sonda\vendor\codeigniter4\framework\system\CodeIgniter.php(312): CodeIgniter\CodeIgniter->handleRequest(NULL, Object(Config\Cache), false)
#9 D:\development\credere\sonda\public\index.php(45): CodeIgniter\CodeIgniter->run()
#10 D:\development\credere\sonda\vendor\codeigniter4\framework\system\Commands\Server\rewrite.php(34): require_once('D:\\development\\...')
#11 {main}
CRITICAL - 2020-12-26 12:50:20 --> Trying to access array offset on value of type bool
#0 D:\development\credere\sonda\app\Controllers\Home.php(45): CodeIgniter\Debug\Exceptions->errorHandler(8, 'Trying to acces...', 'D:\\development\\...', 45, Array)
#1 D:\development\credere\sonda\app\Controllers\Home.php(23): App\Controllers\Home->command(Array)
#2 D:\development\credere\sonda\vendor\codeigniter4\framework\system\CodeIgniter.php(918): App\Controllers\Home->index()
#3 D:\development\credere\sonda\vendor\codeigniter4\framework\system\CodeIgniter.php(404): CodeIgniter\CodeIgniter->runController(Object(App\Controllers\Home))
#4 D:\development\credere\sonda\vendor\codeigniter4\framework\system\CodeIgniter.php(312): CodeIgniter\CodeIgniter->handleRequest(NULL, Object(Config\Cache), false)
#5 D:\development\credere\sonda\public\index.php(45): CodeIgniter\CodeIgniter->run()
#6 D:\development\credere\sonda\vendor\codeigniter4\framework\system\Commands\Server\rewrite.php(34): require_once('D:\\development\\...')
#7 {main}
CRITICAL - 2020-12-26 12:51:02 --> Trying to access array offset on value of type bool
#0 D:\development\credere\sonda\app\Controllers\Home.php(45): CodeIgniter\Debug\Exceptions->errorHandler(8, 'Trying to acces...', 'D:\\development\\...', 45, Array)
#1 D:\development\credere\sonda\app\Controllers\Home.php(23): App\Controllers\Home->command(Array)
#2 D:\development\credere\sonda\vendor\codeigniter4\framework\system\CodeIgniter.php(918): App\Controllers\Home->index()
#3 D:\development\credere\sonda\vendor\codeigniter4\framework\system\CodeIgniter.php(404): CodeIgniter\CodeIgniter->runController(Object(App\Controllers\Home))
#4 D:\development\credere\sonda\vendor\codeigniter4\framework\system\CodeIgniter.php(312): CodeIgniter\CodeIgniter->handleRequest(NULL, Object(Config\Cache), false)
#5 D:\development\credere\sonda\public\index.php(45): CodeIgniter\CodeIgniter->run()
#6 D:\development\credere\sonda\vendor\codeigniter4\framework\system\Commands\Server\rewrite.php(34): require_once('D:\\development\\...')
#7 {main}
CRITICAL - 2020-12-26 12:51:31 --> Trying to access array offset on value of type bool
#0 D:\development\credere\sonda\app\Controllers\Home.php(47): CodeIgniter\Debug\Exceptions->errorHandler(8, 'Trying to acces...', 'D:\\development\\...', 47, Array)
#1 D:\development\credere\sonda\app\Controllers\Home.php(23): App\Controllers\Home->command(Array)
#2 D:\development\credere\sonda\vendor\codeigniter4\framework\system\CodeIgniter.php(918): App\Controllers\Home->index()
#3 D:\development\credere\sonda\vendor\codeigniter4\framework\system\CodeIgniter.php(404): CodeIgniter\CodeIgniter->runController(Object(App\Controllers\Home))
#4 D:\development\credere\sonda\vendor\codeigniter4\framework\system\CodeIgniter.php(312): CodeIgniter\CodeIgniter->handleRequest(NULL, Object(Config\Cache), false)
#5 D:\development\credere\sonda\public\index.php(45): CodeIgniter\CodeIgniter->run()
#6 D:\development\credere\sonda\vendor\codeigniter4\framework\system\Commands\Server\rewrite.php(34): require_once('D:\\development\\...')
#7 {main}
CRITICAL - 2020-12-26 13:07:42 --> Invalid argument supplied for foreach()
#0 D:\development\credere\sonda\app\Controllers\Home.php(28): CodeIgniter\Debug\Exceptions->errorHandler(2, 'Invalid argumen...', 'D:\\development\\...', 28, Array)
#1 D:\development\credere\sonda\app\Controllers\Api.php(14): App\Controllers\Home->command('{\n\t"movimentos"...')
#2 D:\development\credere\sonda\vendor\codeigniter4\framework\system\CodeIgniter.php(918): App\Controllers\Api->receivesCommand()
#3 D:\development\credere\sonda\vendor\codeigniter4\framework\system\CodeIgniter.php(404): CodeIgniter\CodeIgniter->runController(Object(App\Controllers\Api))
#4 D:\development\credere\sonda\vendor\codeigniter4\framework\system\CodeIgniter.php(312): CodeIgniter\CodeIgniter->handleRequest(NULL, Object(Config\Cache), false)
#5 D:\development\credere\sonda\public\index.php(45): CodeIgniter\CodeIgniter->run()
#6 D:\development\credere\sonda\vendor\codeigniter4\framework\system\Commands\Server\rewrite.php(34): require_once('D:\\development\\...')
#7 {main}
CRITICAL - 2020-12-26 13:08:09 --> Array to string conversion
#0 D:\development\credere\sonda\app\Controllers\Home.php(43): CodeIgniter\Debug\Exceptions->errorHandler(8, 'Array to string...', 'D:\\development\\...', 43, Array)
#1 D:\development\credere\sonda\app\Controllers\Api.php(14): App\Controllers\Home->command(Object(stdClass))
#2 D:\development\credere\sonda\vendor\codeigniter4\framework\system\CodeIgniter.php(918): App\Controllers\Api->receivesCommand()
#3 D:\development\credere\sonda\vendor\codeigniter4\framework\system\CodeIgniter.php(404): CodeIgniter\CodeIgniter->runController(Object(App\Controllers\Api))
#4 D:\development\credere\sonda\vendor\codeigniter4\framework\system\CodeIgniter.php(312): CodeIgniter\CodeIgniter->handleRequest(NULL, Object(Config\Cache), false)
#5 D:\development\credere\sonda\public\index.php(45): CodeIgniter\CodeIgniter->run()
#6 D:\development\credere\sonda\vendor\codeigniter4\framework\system\Commands\Server\rewrite.php(34): require_once('D:\\development\\...')
#7 {main}
CRITICAL - 2020-12-26 13:08:45 --> Cannot use object of type stdClass as array
#0 D:\development\credere\sonda\vendor\codeigniter4\framework\system\CodeIgniter.php(918): App\Controllers\Api->receivesCommand()
#1 D:\development\credere\sonda\vendor\codeigniter4\framework\system\CodeIgniter.php(404): CodeIgniter\CodeIgniter->runController(Object(App\Controllers\Api))
#2 D:\development\credere\sonda\vendor\codeigniter4\framework\system\CodeIgniter.php(312): CodeIgniter\CodeIgniter->handleRequest(NULL, Object(Config\Cache), false)
#3 D:\development\credere\sonda\public\index.php(45): CodeIgniter\CodeIgniter->run()
#4 D:\development\credere\sonda\vendor\codeigniter4\framework\system\Commands\Server\rewrite.php(34): require_once('D:\\development\\...')
#5 {main}
CRITICAL - 2020-12-26 13:09:05 --> Undefined offset: 0
#0 D:\development\credere\sonda\app\Controllers\Home.php(191): CodeIgniter\Debug\Exceptions->errorHandler(8, 'Undefined offse...', 'D:\\development\\...', 191, Array)
#1 D:\development\credere\sonda\app\Controllers\Home.php(47): App\Controllers\Home->tabuleiro()
#2 D:\development\credere\sonda\app\Controllers\Api.php(14): App\Controllers\Home->command(Array)
#3 D:\development\credere\sonda\vendor\codeigniter4\framework\system\CodeIgniter.php(918): App\Controllers\Api->receivesCommand()
#4 D:\development\credere\sonda\vendor\codeigniter4\framework\system\CodeIgniter.php(404): CodeIgniter\CodeIgniter->runController(Object(App\Controllers\Api))
#5 D:\development\credere\sonda\vendor\codeigniter4\framework\system\CodeIgniter.php(312): CodeIgniter\CodeIgniter->handleRequest(NULL, Object(Config\Cache), false)
#6 D:\development\credere\sonda\public\index.php(45): CodeIgniter\CodeIgniter->run()
#7 D:\development\credere\sonda\vendor\codeigniter4\framework\system\Commands\Server\rewrite.php(34): require_once('D:\\development\\...')
#8 {main}
CRITICAL - 2020-12-26 13:29:28 --> Trying to get property 'movimentos' of non-object
#0 D:\development\credere\sonda\app\Controllers\Api.php(21): CodeIgniter\Debug\Exceptions->errorHandler(8, 'Trying to get p...', 'D:\\development\\...', 21, Array)
#1 D:\development\credere\sonda\vendor\codeigniter4\framework\system\CodeIgniter.php(918): App\Controllers\Api->receivesCommand()
#2 D:\development\credere\sonda\vendor\codeigniter4\framework\system\CodeIgniter.php(404): CodeIgniter\CodeIgniter->runController(Object(App\Controllers\Api))
#3 D:\development\credere\sonda\vendor\codeigniter4\framework\system\CodeIgniter.php(312): CodeIgniter\CodeIgniter->handleRequest(NULL, Object(Config\Cache), false)
#4 D:\development\credere\sonda\public\index.php(45): CodeIgniter\CodeIgniter->run()
#5 D:\development\credere\sonda\vendor\codeigniter4\framework\system\Commands\Server\rewrite.php(34): require_once('D:\\development\\...')
#6 {main}
CRITICAL - 2020-12-26 13:37:03 --> json_decode() expects parameter 1 to be string, array given
#0 [internal function]: CodeIgniter\Debug\Exceptions->errorHandler(2, 'json_decode() e...', 'D:\\development\\...', 18, Array)
#1 D:\development\credere\sonda\app\Controllers\Api.php(18): json_decode(Array)
#2 D:\development\credere\sonda\vendor\codeigniter4\framework\system\CodeIgniter.php(918): App\Controllers\Api->receivesCommand()
#3 D:\development\credere\sonda\vendor\codeigniter4\framework\system\CodeIgniter.php(404): CodeIgniter\CodeIgniter->runController(Object(App\Controllers\Api))
#4 D:\development\credere\sonda\vendor\codeigniter4\framework\system\CodeIgniter.php(312): CodeIgniter\CodeIgniter->handleRequest(NULL, Object(Config\Cache), false)
#5 D:\development\credere\sonda\public\index.php(45): CodeIgniter\CodeIgniter->run()
#6 D:\development\credere\sonda\vendor\codeigniter4\framework\system\Commands\Server\rewrite.php(34): require_once('D:\\development\\...')
#7 {main}
CRITICAL - 2020-12-26 13:37:15 --> Trying to get property 'movimentos' of non-object
#0 D:\development\credere\sonda\app\Controllers\Api.php(18): CodeIgniter\Debug\Exceptions->errorHandler(8, 'Trying to get p...', 'D:\\development\\...', 18, Array)
#1 D:\development\credere\sonda\vendor\codeigniter4\framework\system\CodeIgniter.php(918): App\Controllers\Api->receivesCommand()
#2 D:\development\credere\sonda\vendor\codeigniter4\framework\system\CodeIgniter.php(404): CodeIgniter\CodeIgniter->runController(Object(App\Controllers\Api))
#3 D:\development\credere\sonda\vendor\codeigniter4\framework\system\CodeIgniter.php(312): CodeIgniter\CodeIgniter->handleRequest(NULL, Object(Config\Cache), false)
#4 D:\development\credere\sonda\public\index.php(45): CodeIgniter\CodeIgniter->run()
#5 D:\development\credere\sonda\vendor\codeigniter4\framework\system\Commands\Server\rewrite.php(34): require_once('D:\\development\\...')
#6 {main}
CRITICAL - 2020-12-26 13:37:26 --> json_decode() expects parameter 1 to be string, array given
#0 [internal function]: CodeIgniter\Debug\Exceptions->errorHandler(2, 'json_decode() e...', 'D:\\development\\...', 18, Array)
#1 D:\development\credere\sonda\app\Controllers\Api.php(18): json_decode(Array)
#2 D:\development\credere\sonda\vendor\codeigniter4\framework\system\CodeIgniter.php(918): App\Controllers\Api->receivesCommand()
#3 D:\development\credere\sonda\vendor\codeigniter4\framework\system\CodeIgniter.php(404): CodeIgniter\CodeIgniter->runController(Object(App\Controllers\Api))
#4 D:\development\credere\sonda\vendor\codeigniter4\framework\system\CodeIgniter.php(312): CodeIgniter\CodeIgniter->handleRequest(NULL, Object(Config\Cache), false)
#5 D:\development\credere\sonda\public\index.php(45): CodeIgniter\CodeIgniter->run()
#6 D:\development\credere\sonda\vendor\codeigniter4\framework\system\Commands\Server\rewrite.php(34): require_once('D:\\development\\...')
#7 {main}
CRITICAL - 2020-12-26 14:06:19 --> Indirect modification of overloaded property CodeIgniter\Session\Session::$board has no effect
#0 D:\development\credere\sonda\app\Controllers\Home.php(47): CodeIgniter\Debug\Exceptions->errorHandler(8, 'Indirect modifi...', 'D:\\development\\...', 47, Array)
#1 D:\development\credere\sonda\app\Controllers\Api.php(11): App\Controllers\Home->start()
#2 D:\development\credere\sonda\vendor\codeigniter4\framework\system\CodeIgniter.php(918): App\Controllers\Api->init()
#3 D:\development\credere\sonda\vendor\codeigniter4\framework\system\CodeIgniter.php(404): CodeIgniter\CodeIgniter->runController(Object(App\Controllers\Api))
#4 D:\development\credere\sonda\vendor\codeigniter4\framework\system\CodeIgniter.php(312): CodeIgniter\CodeIgniter->handleRequest(NULL, Object(Config\Cache), false)
#5 D:\development\credere\sonda\public\index.php(45): CodeIgniter\CodeIgniter->run()
#6 D:\development\credere\sonda\vendor\codeigniter4\framework\system\Commands\Server\rewrite.php(34): require_once('D:\\development\\...')
#7 {main}
CRITICAL - 2020-12-26 14:06:37 --> Indirect modification of overloaded property CodeIgniter\Session\Session::$board has no effect
#0 D:\development\credere\sonda\app\Controllers\Home.php(47): CodeIgniter\Debug\Exceptions->errorHandler(8, 'Indirect modifi...', 'D:\\development\\...', 47, Array)
#1 D:\development\credere\sonda\app\Controllers\Api.php(11): App\Controllers\Home->start()
#2 D:\development\credere\sonda\vendor\codeigniter4\framework\system\CodeIgniter.php(918): App\Controllers\Api->init()
#3 D:\development\credere\sonda\vendor\codeigniter4\framework\system\CodeIgniter.php(404): CodeIgniter\CodeIgniter->runController(Object(App\Controllers\Api))
#4 D:\development\credere\sonda\vendor\codeigniter4\framework\system\CodeIgniter.php(312): CodeIgniter\CodeIgniter->handleRequest(NULL, Object(Config\Cache), false)
#5 D:\development\credere\sonda\public\index.php(45): CodeIgniter\CodeIgniter->run()
#6 D:\development\credere\sonda\vendor\codeigniter4\framework\system\Commands\Server\rewrite.php(34): require_once('D:\\development\\...')
#7 {main}
CRITICAL - 2020-12-26 14:07:31 --> Indirect modification of overloaded property CodeIgniter\Session\Session::$board has no effect
#0 D:\development\credere\sonda\app\Controllers\Home.php(18): CodeIgniter\Debug\Exceptions->errorHandler(8, 'Indirect modifi...', 'D:\\development\\...', 18, Array)
#1 D:\development\credere\sonda\app\Controllers\Api.php(11): App\Controllers\Home->start()
#2 D:\development\credere\sonda\vendor\codeigniter4\framework\system\CodeIgniter.php(918): App\Controllers\Api->init()
#3 D:\development\credere\sonda\vendor\codeigniter4\framework\system\CodeIgniter.php(404): CodeIgniter\CodeIgniter->runController(Object(App\Controllers\Api))
#4 D:\development\credere\sonda\vendor\codeigniter4\framework\system\CodeIgniter.php(312): CodeIgniter\CodeIgniter->handleRequest(NULL, Object(Config\Cache), false)
#5 D:\development\credere\sonda\public\index.php(45): CodeIgniter\CodeIgniter->run()
#6 D:\development\credere\sonda\vendor\codeigniter4\framework\system\Commands\Server\rewrite.php(34): require_once('D:\\development\\...')
#7 {main}
CRITICAL - 2020-12-26 14:09:12 --> Indirect modification of overloaded property CodeIgniter\Session\Session::$board has no effect
#0 D:\development\credere\sonda\app\Controllers\Home.php(19): CodeIgniter\Debug\Exceptions->errorHandler(8, 'Indirect modifi...', 'D:\\development\\...', 19, Array)
#1 D:\development\credere\sonda\app\Controllers\Api.php(11): App\Controllers\Home->start()
#2 D:\development\credere\sonda\vendor\codeigniter4\framework\system\CodeIgniter.php(918): App\Controllers\Api->init()
#3 D:\development\credere\sonda\vendor\codeigniter4\framework\system\CodeIgniter.php(404): CodeIgniter\CodeIgniter->runController(Object(App\Controllers\Api))
#4 D:\development\credere\sonda\vendor\codeigniter4\framework\system\CodeIgniter.php(312): CodeIgniter\CodeIgniter->handleRequest(NULL, Object(Config\Cache), false)
#5 D:\development\credere\sonda\public\index.php(45): CodeIgniter\CodeIgniter->run()
#6 D:\development\credere\sonda\vendor\codeigniter4\framework\system\Commands\Server\rewrite.php(34): require_once('D:\\development\\...')
#7 {main}
CRITICAL - 2020-12-26 14:09:50 --> Indirect modification of overloaded property CodeIgniter\Session\Session::$board has no effect
#0 D:\development\credere\sonda\app\Controllers\Home.php(25): CodeIgniter\Debug\Exceptions->errorHandler(8, 'Indirect modifi...', 'D:\\development\\...', 25, Array)
#1 D:\development\credere\sonda\app\Controllers\Api.php(11): App\Controllers\Home->start()
#2 D:\development\credere\sonda\vendor\codeigniter4\framework\system\CodeIgniter.php(918): App\Controllers\Api->init()
#3 D:\development\credere\sonda\vendor\codeigniter4\framework\system\CodeIgniter.php(404): CodeIgniter\CodeIgniter->runController(Object(App\Controllers\Api))
#4 D:\development\credere\sonda\vendor\codeigniter4\framework\system\CodeIgniter.php(312): CodeIgniter\CodeIgniter->handleRequest(NULL, Object(Config\Cache), false)
#5 D:\development\credere\sonda\public\index.php(45): CodeIgniter\CodeIgniter->run()
#6 D:\development\credere\sonda\vendor\codeigniter4\framework\system\Commands\Server\rewrite.php(34): require_once('D:\\development\\...')
#7 {main}
CRITICAL - 2020-12-26 14:10:37 --> Indirect modification of overloaded property CodeIgniter\Session\Session::$board has no effect
#0 D:\development\credere\sonda\app\Controllers\Home.php(107): CodeIgniter\Debug\Exceptions->errorHandler(8, 'Indirect modifi...', 'D:\\development\\...', 107, Array)
#1 D:\development\credere\sonda\app\Controllers\Home.php(42): App\Controllers\Home->move()
#2 D:\development\credere\sonda\app\Controllers\Api.php(18): App\Controllers\Home->command(Array)
#3 D:\development\credere\sonda\vendor\codeigniter4\framework\system\CodeIgniter.php(918): App\Controllers\Api->receivesCommand()
#4 D:\development\credere\sonda\vendor\codeigniter4\framework\system\CodeIgniter.php(404): CodeIgniter\CodeIgniter->runController(Object(App\Controllers\Api))
#5 D:\development\credere\sonda\vendor\codeigniter4\framework\system\CodeIgniter.php(312): CodeIgniter\CodeIgniter->handleRequest(NULL, Object(Config\Cache), false)
#6 D:\development\credere\sonda\public\index.php(45): CodeIgniter\CodeIgniter->run()
#7 D:\development\credere\sonda\vendor\codeigniter4\framework\system\Commands\Server\rewrite.php(34): require_once('D:\\development\\...')
#8 {main}
CRITICAL - 2020-12-26 14:19:27 --> syntax error, unexpected '->' (T_OBJECT_OPERATOR), expecting ';' or ','
#0 D:\development\credere\sonda\vendor\codeigniter4\framework\system\Autoloader\Autoloader.php(296): CodeIgniter\Autoloader\Autoloader->requireFile('D:\\development\\...')
#1 D:\development\credere\sonda\vendor\codeigniter4\framework\system\Autoloader\Autoloader.php(258): CodeIgniter\Autoloader\Autoloader->loadInNamespace('App\\Controllers...')
#2 [internal function]: CodeIgniter\Autoloader\Autoloader->loadClass('App\\Controllers...')
#3 D:\development\credere\sonda\app\Controllers\Api.php(5): spl_autoload_call('App\\Controllers...')
#4 D:\development\credere\sonda\vendor\codeigniter4\framework\system\Router\Router.php(583): include_once('D:\\development\\...')
#5 D:\development\credere\sonda\vendor\codeigniter4\framework\system\Router\Router.php(195): CodeIgniter\Router\Router->autoRoute('api/displaysCoo...')
#6 D:\development\credere\sonda\vendor\codeigniter4\framework\system\CodeIgniter.php(793): CodeIgniter\Router\Router->handle('api/displaysCoo...')
#7 D:\development\credere\sonda\vendor\codeigniter4\framework\system\CodeIgniter.php(364): CodeIgniter\CodeIgniter->tryToRouteIt(Object(CodeIgniter\Router\RouteCollection))
#8 D:\development\credere\sonda\vendor\codeigniter4\framework\system\CodeIgniter.php(312): CodeIgniter\CodeIgniter->handleRequest(NULL, Object(Config\Cache), false)
#9 D:\development\credere\sonda\public\index.php(45): CodeIgniter\CodeIgniter->run()
#10 D:\development\credere\sonda\vendor\codeigniter4\framework\system\Commands\Server\rewrite.php(34): require_once('D:\\development\\...')
#11 {main}
